2018-05-24 16:18:33 Error: [Cake\Database\Exception] SQLSTATE[42S02]: Base table or view not found: 1146 Table 'elultimoinca.pedido' doesn't exist in C:\xampp\htdocs\vino2\ultimoinca\vendor\cakephp\cakephp\src\Database\Schema\Collection.php on line 131
Stack Trace:
#0 C:\xampp\htdocs\vino2\ultimoinca\vendor\cakephp\cakephp\src\Database\Schema\Collection.php(97): Cake\Database\Schema\Collection->_reflect('Column', 'pedido', Array, Object(Cake\Database\Schema\TableSchema))
#1 C:\xampp\htdocs\vino2\ultimoinca\vendor\cakephp\cakephp\src\Database\Schema\CachedCollection.php(63): Cake\Database\Schema\Collection->describe('pedido', Array)
#2 C:\xampp\htdocs\vino2\ultimoinca\vendor\cakephp\cakephp\src\ORM\Table.php(548): Cake\Database\Schema\CachedCollection->describe('pedido')
#3 C:\xampp\htdocs\vino2\ultimoinca\vendor\cakephp\cakephp\src\ORM\Table.php(673): Cake\ORM\Table->getSchema()
#4 C:\xampp\htdocs\vino2\ultimoinca\vendor\cakephp\bake\src\Shell\Task\TemplateTask.php(288): Cake\ORM\Table->getPrimaryKey()
#5 C:\xampp\htdocs\vino2\ultimoinca\vendor\cakephp\bake\src\Shell\Task\TemplateTask.php(142): Bake\Shell\Task\TemplateTask->_loadController()
#6 C:\xampp\htdocs\vino2\ultimoinca\vendor\cakephp\cakephp\src\Console\Shell.php(532): Bake\Shell\Task\TemplateTask->main('pedido')
#7 C:\xampp\htdocs\vino2\ultimoinca\vendor\cakephp\cakephp\src\Console\Shell.php(525): Cake\Console\Shell->runCommand(Array, false, Array)
#8 C:\xampp\htdocs\vino2\ultimoinca\vendor\cakephp\cakephp\src\Console\CommandRunner.php(342): Cake\Console\Shell->runCommand(Array, true)
#9 C:\xampp\htdocs\vino2\ultimoinca\vendor\cakephp\cakephp\src\Console\CommandRunner.php(164): Cake\Console\CommandRunner->runShell(Object(Bake\Shell\BakeShell), Array)
#10 C:\xampp\htdocs\vino2\ultimoinca\bin\cake.php(12): Cake\Console\CommandRunner->run(Array)
#11 {main}


2018-06-09 18:42:33 Error: [Cake\Database\Exception] SQLSTATE[42S02]: Base table or view not found: 1146 Table 'elultimoinca.pedidos_detalle' doesn't exist in C:\xampp\htdocs\vino2\ultimoinca\vendor\cakephp\cakephp\src\Database\Schema\Collection.php on line 131
Stack Trace:
#0 C:\xampp\htdocs\vino2\ultimoinca\vendor\cakephp\cakephp\src\Database\Schema\Collection.php(97): Cake\Database\Schema\Collection->_reflect('Column', 'pedidos_detalle', Array, Object(Cake\Database\Schema\TableSchema))
#1 C:\xampp\htdocs\vino2\ultimoinca\vendor\cakephp\cakephp\src\Database\Schema\CachedCollection.php(63): Cake\Database\Schema\Collection->describe('pedidos_detalle', Array)
#2 C:\xampp\htdocs\vino2\ultimoinca\vendor\cakephp\cakephp\src\ORM\Table.php(548): Cake\Database\Schema\CachedCollection->describe('pedidos_detalle')
#3 C:\xampp\htdocs\vino2\ultimoinca\vendor\cakephp\cakephp\src\ORM\Table.php(673): Cake\ORM\Table->getSchema()
#4 C:\xampp\htdocs\vino2\ultimoinca\vendor\cakephp\bake\src\Shell\Task\TemplateTask.php(288): Cake\ORM\Table->getPrimaryKey()
#5 C:\xampp\htdocs\vino2\ultimoinca\vendor\cakephp\bake\src\Shell\Task\TemplateTask.php(142): Bake\Shell\Task\TemplateTask->_loadController()
#6 C:\xampp\htdocs\vino2\ultimoinca\vendor\cakephp\cakephp\src\Console\Shell.php(532): Bake\Shell\Task\TemplateTask->main('pedidos_detalle')
#7 C:\xampp\htdocs\vino2\ultimoinca\vendor\cakephp\cakephp\src\Console\Shell.php(525): Cake\Console\Shell->runCommand(Array, false, Array)
#8 C:\xampp\htdocs\vino2\ultimoinca\vendor\cakephp\cakephp\src\Console\CommandRunner.php(342): Cake\Console\Shell->runCommand(Array, true)
#9 C:\xampp\htdocs\vino2\ultimoinca\vendor\cakephp\cakephp\src\Console\CommandRunner.php(164): Cake\Console\CommandRunner->runShell(Object(Bake\Shell\BakeShell), Array)
#10 C:\xampp\htdocs\vino2\ultimoinca\bin\cake.php(12): Cake\Console\CommandRunner->run(Array)
#11 {main}


2018-06-10 04:36:18 Error: [Cake\Database\Exception] SQLSTATE[42S02]: Base table or view not found: 1146 Table 'elultimoinca.sua_tabela' doesn't exist in C:\xampp\htdocs\vino2\ultimoinca\vendor\cakephp\cakephp\src\Database\Schema\Collection.php on line 131
Stack Trace:
#0 C:\xampp\htdocs\vino2\ultimoinca\vendor\cakephp\cakephp\src\Database\Schema\Collection.php(97): Cake\Database\Schema\Collection->_reflect('Column', 'sua_tabela', Array, Object(Cake\Database\Schema\TableSchema))
#1 C:\xampp\htdocs\vino2\ultimoinca\vendor\cakephp\cakephp\src\Database\Schema\CachedCollection.php(63): Cake\Database\Schema\Collection->describe('sua_tabela', Array)
#2 C:\xampp\htdocs\vino2\ultimoinca\vendor\cakephp\cakephp\src\ORM\Table.php(548): Cake\Database\Schema\CachedCollection->describe('sua_tabela')
#3 C:\xampp\htdocs\vino2\ultimoinca\vendor\cakephp\cakephp\src\ORM\Table.php(673): Cake\ORM\Table->getSchema()
#4 C:\xampp\htdocs\vino2\ultimoinca\vendor\cakephp\bake\src\Shell\Task\ModelTask.php(220): Cake\ORM\Table->getPrimaryKey()
#5 C:\xampp\htdocs\vino2\ultimoinca\vendor\cakephp\bake\src\Shell\Task\ModelTask.php(130): Bake\Shell\Task\ModelTask->getAssociations(Object(Cake\ORM\Table))
#6 C:\xampp\htdocs\vino2\ultimoinca\vendor\cakephp\bake\src\Shell\Task\ModelTask.php(113): Bake\Shell\Task\ModelTask->getTableContext(Object(Cake\ORM\Table), 'sua_tabela', 'SuaTabela')
#7 C:\xampp\htdocs\vino2\ultimoinca\vendor\cakephp\bake\src\Shell\Task\ModelTask.php(100): Bake\Shell\Task\ModelTask->bake('SuaTabela')
#8 C:\xampp\htdocs\vino2\ultimoinca\vendor\cakephp\bake\src\Shell\BakeShell.php(272): Bake\Shell\Task\ModelTask->main('SuaTabela')
#9 C:\xampp\htdocs\vino2\ultimoinca\vendor\cakephp\cakephp\src\Collection\CollectionTrait.php(51): Bake\Shell\BakeShell->Bake\Shell\{closure}('sua_tabela', 0)
#10 C:\xampp\htdocs\vino2\ultimoinca\vendor\cakephp\bake\src\Shell\BakeShell.php(273): Cake\Collection\Collection->each(Object(Closure))
#11 C:\xampp\htdocs\vino2\ultimoinca\vendor\cakephp\cakephp\src\Console\Shell.php(518): Bake\Shell\BakeShell->all('sua_tabela')
#12 C:\xampp\htdocs\vino2\ultimoinca\vendor\cakephp\cakephp\src\Console\CommandRunner.php(342): Cake\Console\Shell->runCommand(Array, true)
#13 C:\xampp\htdocs\vino2\ultimoinca\vendor\cakephp\cakephp\src\Console\CommandRunner.php(164): Cake\Console\CommandRunner->runShell(Object(Bake\Shell\BakeShell), Array)
#14 C:\xampp\htdocs\vino2\ultimoinca\bin\cake.php(12): Cake\Console\CommandRunner->run(Array)
#15 {main}


2018-06-10 04:36:22 Error: [Cake\Database\Exception] SQLSTATE[42S02]: Base table or view not found: 1146 Table 'elultimoinca.sua_tabela' doesn't exist in C:\xampp\htdocs\vino2\ultimoinca\vendor\cakephp\cakephp\src\Database\Schema\Collection.php on line 131
Stack Trace:
#0 C:\xampp\htdocs\vino2\ultimoinca\vendor\cakephp\cakephp\src\Database\Schema\Collection.php(97): Cake\Database\Schema\Collection->_reflect('Column', 'sua_tabela', Array, Object(Cake\Database\Schema\TableSchema))
#1 C:\xampp\htdocs\vino2\ultimoinca\vendor\cakephp\cakephp\src\Database\Schema\CachedCollection.php(63): Cake\Database\Schema\Collection->describe('sua_tabela', Array)
#2 C:\xampp\htdocs\vino2\ultimoinca\vendor\cakephp\cakephp\src\ORM\Table.php(548): Cake\Database\Schema\CachedCollection->describe('sua_tabela')
#3 C:\xampp\htdocs\vino2\ultimoinca\vendor\cakephp\cakephp\src\ORM\Table.php(673): Cake\ORM\Table->getSchema()
#4 C:\xampp\htdocs\vino2\ultimoinca\vendor\cakephp\bake\src\Shell\Task\ModelTask.php(220): Cake\ORM\Table->getPrimaryKey()
#5 C:\xampp\htdocs\vino2\ultimoinca\vendor\cakephp\bake\src\Shell\Task\ModelTask.php(130): Bake\Shell\Task\ModelTask->getAssociations(Object(Cake\ORM\Table))
#6 C:\xampp\htdocs\vino2\ultimoinca\vendor\cakephp\bake\src\Shell\Task\ModelTask.php(113): Bake\Shell\Task\ModelTask->getTableContext(Object(Cake\ORM\Table), 'sua_tabela', 'SuaTabela')
#7 C:\xampp\htdocs\vino2\ultimoinca\vendor\cakephp\bake\src\Shell\Task\ModelTask.php(100): Bake\Shell\Task\ModelTask->bake('SuaTabela')
#8 C:\xampp\htdocs\vino2\ultimoinca\vendor\cakephp\bake\src\Shell\BakeShell.php(272): Bake\Shell\Task\ModelTask->main('SuaTabela')
#9 C:\xampp\htdocs\vino2\ultimoinca\vendor\cakephp\cakephp\src\Collection\CollectionTrait.php(51): Bake\Shell\BakeShell->Bake\Shell\{closure}('sua_tabela', 0)
#10 C:\xampp\htdocs\vino2\ultimoinca\vendor\cakephp\bake\src\Shell\BakeShell.php(273): Cake\Collection\Collection->each(Object(Closure))
#11 C:\xampp\htdocs\vino2\ultimoinca\vendor\cakephp\cakephp\src\Console\Shell.php(518): Bake\Shell\BakeShell->all('sua_tabela')
#12 C:\xampp\htdocs\vino2\ultimoinca\vendor\cakephp\cakephp\src\Console\CommandRunner.php(342): Cake\Console\Shell->runCommand(Array, true)
#13 C:\xampp\htdocs\vino2\ultimoinca\vendor\cakephp\cakephp\src\Console\CommandRunner.php(164): Cake\Console\CommandRunner->runShell(Object(Bake\Shell\BakeShell), Array)
#14 C:\xampp\htdocs\vino2\ultimoinca\bin\cake.php(12): Cake\Console\CommandRunner->run(Array)
#15 {main}


2018-06-10 04:36:25 Error: [Cake\Database\Exception] SQLSTATE[42S02]: Base table or view not found: 1146 Table 'elultimoinca.sua_tabela' doesn't exist in C:\xampp\htdocs\vino2\ultimoinca\vendor\cakephp\cakephp\src\Database\Schema\Collection.php on line 131
Stack Trace:
#0 C:\xampp\htdocs\vino2\ultimoinca\vendor\cakephp\cakephp\src\Database\Schema\Collection.php(97): Cake\Database\Schema\Collection->_reflect('Column', 'sua_tabela', Array, Object(Cake\Database\Schema\TableSchema))
#1 C:\xampp\htdocs\vino2\ultimoinca\vendor\cakephp\cakephp\src\Database\Schema\CachedCollection.php(63): Cake\Database\Schema\Collection->describe('sua_tabela', Array)
#2 C:\xampp\htdocs\vino2\ultimoinca\vendor\cakephp\cakephp\src\ORM\Table.php(548): Cake\Database\Schema\CachedCollection->describe('sua_tabela')
#3 C:\xampp\htdocs\vino2\ultimoinca\vendor\cakephp\cakephp\src\ORM\Table.php(673): Cake\ORM\Table->getSchema()
#4 C:\xampp\htdocs\vino2\ultimoinca\vendor\cakephp\bake\src\Shell\Task\ModelTask.php(220): Cake\ORM\Table->getPrimaryKey()
#5 C:\xampp\htdocs\vino2\ultimoinca\vendor\cakephp\bake\src\Shell\Task\ModelTask.php(130): Bake\Shell\Task\ModelTask->getAssociations(Object(Cake\ORM\Table))
#6 C:\xampp\htdocs\vino2\ultimoinca\vendor\cakephp\bake\src\Shell\Task\ModelTask.php(113): Bake\Shell\Task\ModelTask->getTableContext(Object(Cake\ORM\Table), 'sua_tabela', 'SuaTabela')
#7 C:\xampp\htdocs\vino2\ultimoinca\vendor\cakephp\bake\src\Shell\Task\ModelTask.php(100): Bake\Shell\Task\ModelTask->bake('SuaTabela')
#8 C:\xampp\htdocs\vino2\ultimoinca\vendor\cakephp\bake\src\Shell\BakeShell.php(272): Bake\Shell\Task\ModelTask->main('SuaTabela')
#9 C:\xampp\htdocs\vino2\ultimoinca\vendor\cakephp\cakephp\src\Collection\CollectionTrait.php(51): Bake\Shell\BakeShell->Bake\Shell\{closure}('sua_tabela', 0)
#10 C:\xampp\htdocs\vino2\ultimoinca\vendor\cakephp\bake\src\Shell\BakeShell.php(273): Cake\Collection\Collection->each(Object(Closure))
#11 C:\xampp\htdocs\vino2\ultimoinca\vendor\cakephp\cakephp\src\Console\Shell.php(518): Bake\Shell\BakeShell->all('sua_tabela')
#12 C:\xampp\htdocs\vino2\ultimoinca\vendor\cakephp\cakephp\src\Console\CommandRunner.php(342): Cake\Console\Shell->runCommand(Array, true)
#13 C:\xampp\htdocs\vino2\ultimoinca\vendor\cakephp\cakephp\src\Console\CommandRunner.php(164): Cake\Console\CommandRunner->runShell(Object(Bake\Shell\BakeShell), Array)
#14 C:\xampp\htdocs\vino2\ultimoinca\bin\cake.php(12): Cake\Console\CommandRunner->run(Array)
#15 {main}


